<?xml version="1.0" encoding="UTF-8"?>
<!-- Generated by org.testng.reporters.JUnitReportReporter -->
<testsuite hostname="del1-lhp-n77107" failures="0" tests="1" name="com.blessing.qa.test.LoginPageTest" time="0.010" errors="0" timestamp="10 Apr 2023 13:59:39 GMT" skipped="0">
  <testcase classname="com.blessing.qa.test.LoginPageTest" name="Test1" time="0.010"/>
</testsuite> <!-- com.blessing.qa.test.LoginPageTest -->
